D:\DOCUMENTS\VISUAL STUDIO 2012\PROJECTS\C++ CHAPTER_TEN\10_01\DEBUG\10_01.OBJ
D:\DOCUMENTS\VISUAL STUDIO 2012\PROJECTS\C++ CHAPTER_TEN\10_01\DEBUG\VC110.PDB
D:\DOCUMENTS\VISUAL STUDIO 2012\PROJECTS\C++ CHAPTER_TEN\DEBUG\10_01.ILK
D:\DOCUMENTS\VISUAL STUDIO 2012\PROJECTS\C++ CHAPTER_TEN\DEBUG\10_01.EXE
D:\DOCUMENTS\VISUAL STUDIO 2012\PROJECTS\C++ CHAPTER_TEN\DEBUG\10_01.PDB
d:\documents\visual studio 2012\Projects\C++ chapter_ten\10_01\Debug\10_01.obj
d:\documents\visual studio 2012\Projects\C++ chapter_ten\10_01\Debug\cl.command.1.tlog
d:\documents\visual studio 2012\Projects\C++ chapter_ten\10_01\Debug\CL.read.1.tlog
d:\documents\visual studio 2012\Projects\C++ chapter_ten\10_01\Debug\CL.write.1.tlog
d:\documents\visual studio 2012\Projects\C++ chapter_ten\10_01\Debug\link-cvtres.read.1.tlog
d:\documents\visual studio 2012\Projects\C++ chapter_ten\10_01\Debug\link-cvtres.write.1.tlog
d:\documents\visual studio 2012\Projects\C++ chapter_ten\10_01\Debug\link-rc.read.1.tlog
d:\documents\visual studio 2012\Projects\C++ chapter_ten\10_01\Debug\link-rc.write.1.tlog
d:\documents\visual studio 2012\Projects\C++ chapter_ten\10_01\Debug\link.command.1.tlog
d:\documents\visual studio 2012\Projects\C++ chapter_ten\10_01\Debug\link.read.1.tlog
d:\documents\visual studio 2012\Projects\C++ chapter_ten\10_01\Debug\link.write.1.tlog
d:\documents\visual studio 2012\Projects\C++ chapter_ten\10_01\Debug\vc110.idb
d:\documents\visual studio 2012\Projects\C++ chapter_ten\10_01\Debug\vc110.pdb
d:\documents\visual studio 2012\Projects\C++ chapter_ten\Debug\10_01.pdb
d:\documents\visual studio 2012\Projects\C++ chapter_ten\Debug\10_01.exe
d:\documents\visual studio 2012\Projects\C++ chapter_ten\Debug\10_01.ilk
